<?xml version="1.0" encoding="UTF-8"?>
<!-- Generated by org.testng.reporters.JUnitReportReporter -->
<testsuite hostname="ShubhamMalviya" failures="0" tests="3" name="testRunners.TestRunnerApi" time="69.949" errors="0" timestamp="2023-12-12T14:31:55 IST" skipped="0">
  <testcase classname="testRunners.TestRunnerApi" name="runScenario" time="19.959"/>
  <testcase classname="testRunners.TestRunnerApi" name="runScenario" time="41.914"/>
  <testcase classname="testRunners.TestRunnerApi" name="runScenario" time="8.076"/>
</testsuite> <!-- testRunners.TestRunnerApi -->
