<?xml version="1.0" encoding="UTF-8"?>
<!-- Generated by org.testng.reporters.JUnitReportReporter -->
<testsuite hostname="ShubhamMalviya" failures="0" tests="3" name="testRunners.TestRunnerApi" time="5.590" errors="0" timestamp="2023-12-15T17:32:32 IST" skipped="0">
  <testcase classname="testRunners.TestRunnerApi" name="runScenario" time="1.187"/>
  <testcase classname="testRunners.TestRunnerApi" name="runScenario" time="1.020"/>
  <testcase classname="testRunners.TestRunnerApi" name="runScenario" time="3.383"/>
</testsuite> <!-- testRunners.TestRunnerApi -->
