<?xml version="1.0" encoding="UTF-8"?>
<!-- Generated by org.testng.reporters.JUnitReportReporter -->
<testsuite hostname="ShubhamMalviya" failures="0" tests="3" name="testRunners.TestRunnerApi" time="7.727" errors="0" timestamp="2023-12-13T14:02:58 IST" skipped="0">
  <testcase classname="testRunners.TestRunnerApi" name="runScenario" time="1.887"/>
  <testcase classname="testRunners.TestRunnerApi" name="runScenario" time="1.262"/>
  <testcase classname="testRunners.TestRunnerApi" name="runScenario" time="4.578"/>
</testsuite> <!-- testRunners.TestRunnerApi -->
